<?xml version="1.0" encoding="UTF-8"?>
<testng-results ignored="0" total="1" passed="0" failed="1" skipped="0">
  <reporter-output>
  </reporter-output>
  <suite started-at="2022-11-15T13:21:04 IST" name="Default suite" finished-at="2022-11-15T13:21:20 IST" duration-ms="15680">
    <groups>
    </groups>
    <test started-at="2022-11-15T13:21:04 IST" name="Default test" finished-at="2022-11-15T13:21:20 IST" duration-ms="15680">
      <class name="Test_Methods.Test_Methods">
        <test-method signature="beforetest()[pri:0, instance:Test_Methods.Test_Methods@65b3f4a4]" started-at="2022-11-15T13:21:04 IST" name="beforetest" finished-at="2022-11-15T13:21:20 IST" duration-ms="15651" status="FAIL">
          <exception class="java.lang.ClassCastException">
            <message>
              <![CDATA[class jdk.proxy2.$Proxy11 cannot be cast to class org.openqa.selenium.WebElement (jdk.proxy2.$Proxy11 is in module jdk.proxy2 of loader 'app'; org.openqa.selenium.WebElement is in unnamed module of loader 'app')]]>
            </message>
            <full-stacktrace>
              <![CDATA[java.lang.ClassCastException: class jdk.proxy2.$Proxy11 cannot be cast to class org.openqa.selenium.WebElement (jdk.proxy2.$Proxy11 is in module jdk.proxy2 of loader 'app'; org.openqa.selenium.WebElement is in unnamed module of loader 'app')
at Objects.Login.SelectDeptDate(Login.java:108)
at Test_Methods.Test_Methods.beforetest(Test_Methods.java:50)
at java.base/jdk.internal.reflect.NativeMethodAccessorImpl.invoke0(Native Method)
at java.base/jdk.internal.reflect.NativeMethodAccessorImpl.invoke(NativeMethodAccessorImpl.java:77)
at java.base/jdk.internal.reflect.DelegatingMethodAccessorImpl.invoke(DelegatingMethodAccessorImpl.java:43)
at java.base/java.lang.reflect.Method.invoke(Method.java:568)
at org.testng.internal.MethodInvocationHelper.invokeMethod(MethodInvocationHelper.java:133)
at org.testng.internal.TestInvoker.invokeMethod(TestInvoker.java:584)
at org.testng.internal.TestInvoker.invokeTestMethod(TestInvoker.java:172)
at org.testng.internal.MethodRunner.runInSequence(MethodRunner.java:46)
at org.testng.internal.TestInvoker$MethodInvocationAgent.invoke(TestInvoker.java:804)
at org.testng.internal.TestInvoker.invokeTestMethods(TestInvoker.java:145)
at org.testng.internal.TestMethodWorker.invokeTestMethods(TestMethodWorker.java:146)
at org.testng.internal.TestMethodWorker.run(TestMethodWorker.java:128)
at java.base/java.util.ArrayList.forEach(ArrayList.java:1511)
at org.testng.TestRunner.privateRun(TestRunner.java:770)
at org.testng.TestRunner.run(TestRunner.java:591)
at org.testng.SuiteRunner.runTest(SuiteRunner.java:402)
at org.testng.SuiteRunner.runSequentially(SuiteRunner.java:396)
at org.testng.SuiteRunner.privateRun(SuiteRunner.java:355)
at org.testng.SuiteRunner.run(SuiteRunner.java:304)
at org.testng.SuiteRunnerWorker.runSuite(SuiteRunnerWorker.java:53)
at org.testng.SuiteRunnerWorker.run(SuiteRunnerWorker.java:96)
at org.testng.TestNG.runSuitesSequentially(TestNG.java:1180)
at org.testng.TestNG.runSuitesLocally(TestNG.java:1102)
at org.testng.TestNG.runSuites(TestNG.java:1032)
at org.testng.TestNG.run(TestNG.java:1000)
at org.testng.remote.AbstractRemoteTestNG.run(AbstractRemoteTestNG.java:115)
at org.testng.remote.RemoteTestNG.initAndRun(RemoteTestNG.java:251)
at org.testng.remote.RemoteTestNG.main(RemoteTestNG.java:77)
]]>
            </full-stacktrace>
          </exception> <!-- java.lang.ClassCastException -->
          <reporter-output>
          </reporter-output>
        </test-method> <!-- beforetest -->
      </class> <!-- Test_Methods.Test_Methods -->
    </test> <!-- Default test -->
  </suite> <!-- Default suite -->
</testng-results>
